2026-05-21 17:26:06,649 INFO lab_wizard.server: Hosting config/instruments tree from /Users/andrew/Documents/PROGRAM_LOCAL/lab_wizard_repo/lab_wizard/config (lazy)
2026-05-21 17:26:06,828 INFO lab_wizard.server: Registered 38 paths:
2026-05-21 17:26:06,828 INFO lab_wizard.server:   inst://2da0863e -> DBay
2026-05-21 17:26:06,828 INFO lab_wizard.server:   inst://2da0863e/2a3d4f60 -> Dac16D
2026-05-21 17:26:06,828 INFO lab_wizard.server:   inst://2da0863e/2a3d4f60/channel/0 -> Dac16DChannel
2026-05-21 17:26:06,828 INFO lab_wizard.server:   inst://2da0863e/2a3d4f60/channel/1 -> Dac16DChannel
2026-05-21 17:26:06,828 INFO lab_wizard.server:   inst://2da0863e/2a3d4f60/channel/10 -> Dac16DChannel
2026-05-21 17:26:06,828 INFO lab_wizard.server:   inst://2da0863e/2a3d4f60/channel/11 -> Dac16DChannel
2026-05-21 17:26:06,828 INFO lab_wizard.server:   inst://2da0863e/2a3d4f60/channel/12 -> Dac16DChannel
2026-05-21 17:26:06,828 INFO lab_wizard.server:   inst://2da0863e/2a3d4f60/channel/13 -> Dac16DChannel
2026-05-21 17:26:06,828 INFO lab_wizard.server:   inst://2da0863e/2a3d4f60/channel/14 -> Dac16DChannel
2026-05-21 17:26:06,828 INFO lab_wizard.server:   inst://2da0863e/2a3d4f60/channel/15 -> Dac16DChannel
2026-05-21 17:26:06,828 INFO lab_wizard.server:   inst://2da0863e/2a3d4f60/channel/2 -> Dac16DChannel
2026-05-21 17:26:06,828 INFO lab_wizard.server:   inst://2da0863e/2a3d4f60/channel/3 -> Dac16DChannel
2026-05-21 17:26:06,828 INFO lab_wizard.server:   inst://2da0863e/2a3d4f60/channel/4 -> Dac16DChannel
2026-05-21 17:26:06,828 INFO lab_wizard.server:   inst://2da0863e/2a3d4f60/channel/5 -> Dac16DChannel
2026-05-21 17:26:06,828 INFO lab_wizard.server:   inst://2da0863e/2a3d4f60/channel/6 -> Dac16DChannel
2026-05-21 17:26:06,828 INFO lab_wizard.server:   inst://2da0863e/2a3d4f60/channel/7 -> Dac16DChannel
2026-05-21 17:26:06,828 INFO lab_wizard.server:   inst://2da0863e/2a3d4f60/channel/8 -> Dac16DChannel
2026-05-21 17:26:06,828 INFO lab_wizard.server:   inst://2da0863e/2a3d4f60/channel/9 -> Dac16DChannel
2026-05-21 17:26:06,828 INFO lab_wizard.server:   inst://2da0863e/5f2383a8 -> Dac4D
2026-05-21 17:26:06,828 INFO lab_wizard.server:   inst://2da0863e/5f2383a8/channel/0 -> Dac4DChannel
2026-05-21 17:26:06,828 INFO lab_wizard.server:   inst://2da0863e/5f2383a8/channel/1 -> Dac4DChannel
2026-05-21 17:26:06,828 INFO lab_wizard.server:   inst://2da0863e/5f2383a8/channel/2 -> Dac4DChannel
2026-05-21 17:26:06,828 INFO lab_wizard.server:   inst://2da0863e/5f2383a8/channel/3 -> Dac4DChannel
2026-05-21 17:26:06,828 INFO lab_wizard.server:   inst://2da0863e/a0da5bfa -> Dac4D
2026-05-21 17:26:06,828 INFO lab_wizard.server:   inst://2da0863e/a0da5bfa/channel/0 -> Dac4DChannel
2026-05-21 17:26:06,828 INFO lab_wizard.server:   inst://2da0863e/a0da5bfa/channel/1 -> Dac4DChannel
2026-05-21 17:26:06,828 INFO lab_wizard.server:   inst://2da0863e/a0da5bfa/channel/2 -> Dac4DChannel
2026-05-21 17:26:06,828 INFO lab_wizard.server:   inst://2da0863e/a0da5bfa/channel/3 -> Dac4DChannel
2026-05-21 17:26:06,828 INFO lab_wizard.server:   inst://7bf897f7 -> PrologixGPIB
2026-05-21 17:26:06,828 INFO lab_wizard.server:   inst://7bf897f7/d6f1dcc9 -> Sim900
2026-05-21 17:26:06,828 INFO lab_wizard.server:   inst://7bf897f7/d6f1dcc9/c7fe1259 -> Sim970
2026-05-21 17:26:06,828 INFO lab_wizard.server:   inst://7bf897f7/d6f1dcc9/c7fe1259/channel/0 -> Sim970Channel
2026-05-21 17:26:06,828 INFO lab_wizard.server:   inst://7bf897f7/d6f1dcc9/c7fe1259/channel/1 -> Sim970Channel
2026-05-21 17:26:06,828 INFO lab_wizard.server:   inst://7bf897f7/d6f1dcc9/c7fe1259/channel/2 -> Sim970Channel
2026-05-21 17:26:06,828 INFO lab_wizard.server:   inst://7bf897f7/d6f1dcc9/c7fe1259/channel/3 -> Sim970Channel
2026-05-21 17:26:06,828 INFO lab_wizard.server:   inst://b3c9ab43 -> YokogawaAQ2212
2026-05-21 17:26:06,828 INFO lab_wizard.server:   inst://b3c9ab43/5674e561 -> Switch
2026-05-21 17:26:06,828 INFO lab_wizard.server:   inst://b3c9ab43/8949efec -> Attenuator
2026-05-21 17:26:06,828 INFO lab_wizard.server: Named attributes:
2026-05-21 17:26:06,828 INFO lab_wizard.server:   Sim970 -> inst://7bf897f7/d6f1dcc9/c7fe1259
2026-05-21 17:26:06,828 INFO lab_wizard.server: Loaded 1 permission rule(s):
2026-05-21 17:26:06,829 INFO lab_wizard.server:   cryo_amp_safety — (no description)
2026-05-21 17:26:06,831 INFO lab_wizard.server: WireServer ready on tcp://0.0.0.0:12300 — Ctrl-C to exit
2026-05-21 17:26:06,832 INFO lab_wizard.lib.server.wire: WireServer listening on tcp://0.0.0.0:12300
2026-05-21 17:26:17,844 INFO lab_wizard.server: Received signal 15; shutting down
2026-05-21 17:26:17,845 INFO lab_wizard.server: WireServer stopped
